<?xml version="1.0" encoding="UTF-8"?>
<testng-results skipped="0" failed="0" ignored="0" total="1" passed="1">
  <reporter-output>
  </reporter-output>
  <suite name="Default suite" duration-ms="5295" started-at="2018-05-08T14:10:21Z" finished-at="2018-05-08T14:10:26Z">
    <groups>
    </groups>
    <test name="Default test" duration-ms="5295" started-at="2018-05-08T14:10:21Z" finished-at="2018-05-08T14:10:26Z">
      <class name="io.kali.selenium.testng.WebDriverDemoTest">
        <test-method status="PASS" signature="beforeTest()[pri:0, instance:io.kali.selenium.testng.WebDriverDemoTest@28d25987]" name="beforeTest" is-config="true" duration-ms="2682" started-at="2018-05-08T14:10:21Z" finished-at="2018-05-08T14:10:24Z">
          <reporter-output>
          </reporter-output>
        </test-method> <!-- beforeTest -->
        <test-method status="PASS" signature="testEasy()[pri:0, instance:io.kali.selenium.testng.WebDriverDemoTest@28d25987]" name="testEasy" duration-ms="1941" started-at="2018-05-08T14:10:24Z" finished-at="2018-05-08T14:10:26Z">
          <reporter-output>
          </reporter-output>
        </test-method> <!-- testEasy -->
        <test-method status="PASS" signature="afterTest()[pri:0, instance:io.kali.selenium.testng.WebDriverDemoTest@28d25987]" name="afterTest" is-config="true" duration-ms="650" started-at="2018-05-08T14:10:26Z" finished-at="2018-05-08T14:10:26Z">
          <reporter-output>
          </reporter-output>
        </test-method> <!-- afterTest -->
      </class> <!-- io.kali.selenium.testng.WebDriverDemoTest -->
    </test> <!-- Default test -->
  </suite> <!-- Default suite -->
</testng-results>
